Build started 30/05/2013 22:22:53.
     1>Project "C:\Users\HP\Documents\workspace\Visual Studio\batalha_naval2\BatalhaNaval\BatalhaNaval.vcxproj" on node 2 (build target(s)).
     1>InitializeBuildStatus:
         Creating "Debug\BatalhaNaval.unsuccessfulbuild" because "AlwaysCreate" was specified.
       ClCompile:
         C:\Program Files (x86)\Microsoft Visual Studio 10.0\VC\bin\CL.exe /c /ZI /nologo /W3 /WX- /Od /Oy- /D _MBCS /Gm /EHsc /RTC1 /MDd /GS /fp:precise /Zc:wchar_t /Zc:forScope /Fo"Debug\\" /Fd"Debug\vc100.pdb" /Gd /TP /analyze- /errorReport:prompt Board.cpp main.cpp
         main.cpp
     1>c:\users\hp\documents\workspace\visual studio\batalha_naval2\batalhanaval\main.cpp(7): warning C4244: 'argument' : conversion from 'time_t' to 'unsigned int', possible loss of data
         Board.cpp
         Generating Code...
       Link:
         C:\Program Files (x86)\Microsoft Visual Studio 10.0\VC\bin\link.exe /ERRORREPORT:PROMPT /OUT:"C:\Users\HP\Documents\workspace\Visual Studio\batalha_naval2\BatalhaNaval\Debug\BatalhaNaval.exe" /NOLOGO kernel32.lib user32.lib gdi32.lib winspool.lib comdlg32.lib advapi32.lib shell32.lib ole32.lib oleaut32.lib uuid.lib odbc32.lib odbccp32.lib /MANIFEST /ManifestFile:"Debug\BatalhaNaval.exe.intermediate.manifest" /MANIFESTUAC:"level='asInvoker' uiAccess='false'" /DEBUG /PDB:"C:\Users\HP\Documents\workspace\Visual Studio\batalha_naval2\BatalhaNaval\Debug\BatalhaNaval.pdb" /TLBID:1 /DYNAMICBASE /NXCOMPAT /IMPLIB:"C:\Users\HP\Documents\workspace\Visual Studio\batalha_naval2\BatalhaNaval\Debug\BatalhaNaval.lib" /MACHINE:X86 Debug\Board.obj
         Debug\main.obj
         Debug\Ship.obj
         LINK : C:\Users\HP\Documents\workspace\Visual Studio\batalha_naval2\BatalhaNaval\Debug\BatalhaNaval.exe not found or not built by the last incremental link; performing full link
         BatalhaNaval.vcxproj -> C:\Users\HP\Documents\workspace\Visual Studio\batalha_naval2\BatalhaNaval\Debug\BatalhaNaval.exe
       Manifest:
         C:\Program Files (x86)\Microsoft SDKs\Windows\v7.0A\bin\mt.exe /nologo /verbose /outputresource:"C:\Users\HP\Documents\workspace\Visual Studio\batalha_naval2\BatalhaNaval\Debug\BatalhaNaval.exe;#1" /manifest Debug\BatalhaNaval.exe.intermediate.manifest
       FinalizeBuildStatus:
         Deleting file "Debug\BatalhaNaval.unsuccessfulbuild".
         Touching "Debug\BatalhaNaval.lastbuildstate".
     1>Done Building Project "C:\Users\HP\Documents\workspace\Visual Studio\batalha_naval2\BatalhaNaval\BatalhaNaval.vcxproj" (build target(s)).

Build succeeded.

Time Elapsed 00:00:01.69
